change log 
Site: www.mobantu.com 

E-mail: 82708210@qq.com

v9.1.1
修复bug

v9.1
新增一款个人支付接口

v9.0.3
增加支付宝官方接口支付的同步处理

v9.0.2
修复mycred积分兑换的bug

v9.0.1
新增VIP免费下载资源限制每天总下载资源个数（仅对VIP专享、VIP免费、包年VIP免费、终身VIP免费的资源有效），后台新增清理数据表冗余数据，修复erphpdown短代码支持嵌套其他短代码，修复微信支付的bug

v9.0
新增自定义文章类型支持、新增云通付支付接口，移除站内转账功能，优化插件结构

v8.3.2
新增后台VIP用户查询功能、所有推广用户记录，修复可能会出现重复购买的bug，前端用户中心支持VIP推广提成

v8.3.1
增加充值订单号长度，此升级可能会导致无法自动充值导致，若出现此问题，请进自己的数据库管理（phpmyadmin）修改数据表wp_ice_money 的ice_num字段，若是int类型，请改成varchar，长度改为50

v8.3
新增支付宝免签约即时到帐接口，详情请看插件后台erphpdown-账号设置

v8.2.1
修复部分用户支付宝无法处理订单结果的Bug

v8.2
新增年费VIP与终身VIP免费权限，移除购买时发邮件功能

v8.11
优化代码

v8.1
新增一个支付接口（具体进插件设置里查看，接口安全稳定性请使用者自行衡量）

v8.0.2
优化充值订单号长度（必须重启下插件），美化弹窗购买框界面以及下载界面

v8.0.1 
修复后台处理提现的bug

v8.0
暂关闭推广访问奖励功能，优化插件，新增微信支付

v7.0.1
修复标题有单引号时导致无法购买的bug，新增支持迅雷下载链接，种子链接

v7.0
修复bug（请用户更新至最新版）

v6.2.1
修复前端提现不扣费的bug，后台不影响

v6.2
新增前端升级VIP以及充值地址自定义

v6.1
新增批量管理VIP用户的到期时间，新增查看部分文章隐藏内容选项

v6.0
修复收费查看样式错乱以及提现偶尔出现负余额的bug

v5.0
修复部分用户数据库无法写入的bug，新增后台VIP用户管理

v4.5.2
修复部分bug

v4.5.1
新增在下载页面显示隐藏信息

v4.5
支持访问推广链接获得提成（需重启插件方可生效）

v4.4
支持VIP会员续费功能，修复后台列表部分bug

v4.3 
新增免费下载功能，修复支付宝担保交易接口跳转的bug

v4.2
新增mycred插件积分兑换（另付费功能）

v4.1
新增支付宝转账付款，集成erphpdown充值卡（另付费功能）

v4.0.1
优化前台下载信息

v4.0
新增财付通充值

v3.0.1
新增用户购买后直接显示隐藏内容（比如解压密码）

v3.0
新增前端短代码（样式请自行修改）

v2.2
修复部分网站提示has_cap警告的bug

v2.1
修复支付宝异步处理的bug

v2.0
修复bug，新增设置注册选项

v1.5.4
修复bug

v1.5.2
优化推广链接

v1.5.1
修复bug

v1.5
新增支付宝异步处理选项

v1.4.4
修复bug

v1.4.3
优化商品列表，新增ajax修改商品价格

v1.4.2
优化VIP发布

v1.4.1
修复bug

v1.4
新增商品列表

v1.3.1
修复bug 

v1.3
新增站内转账

v1.2.3
注册页面新增验证码

v1.2.1
修复即时到帐充值比例的bug

v1.2
新增发布收费内容查看功能

v1.1.1
优化注册页面

v1.1
集成支付宝担保交易

v1.0
已经在程序中集成支付宝双功能接口与即时到帐，只需设置支付宝收款帐号，平台所有交易金额将进入你的支付宝帐号
设置会员提现手续费比率
设置安全模式（使支付宝担保交易无法充值成功，即时到帐可充值成功）
设置用户推广提成比率
设置货币昵称（例如：积分）
查询整个平台全部消费记录
查询整个平台全部充值记录
查看与处理取现申请列表
查看全部收益与推广
推广用户消费获得提成（这对管理员没必要）
后台给用户充值与扣费
查询用户余额、充值记录、消费记录
发布收费下载资源
在消费清单中下载资源
VIP会员功能
加密下载路径
